09:28:30.316 [main]  INFO  com.intuit.karate - Karate version: 1.2.0.RC3
09:28:31.439 [main]  DEBUG com.intuit.karate - request:
1 > POST http://localhost:8080/api/cars/addNewCar
1 > Content-Type: application/json; charset=UTF-8
1 > Content-Length: 149
1 > Host: localhost:8080
1 > Connection: Keep-Alive
1 > User-Agent: Apache-HttpClient/4.5.13 (Java/11.0.11)
1 > Accept-Encoding: gzip,deflate
{"dealerCity":"Izaiahfort","carModel":"AUDI A1","releaseDate":"2022-01-28T08:45:36.248Z","carId":1001,"transmissionType":"Automatic","inStock":false}

09:28:31.486 [main]  DEBUG com.intuit.karate - response time in milliseconds: 45
1 < 400
1 < X-Powered-By: Express
1 < Content-Type: application/json; charset=utf-8
1 < Content-Length: 137
1 < ETag: W/"89-RKkJ4Y9biE+Hcougurmfk9LQ5PA"
1 < Date: Fri, 11 Feb 2022 08:28:31 GMT
1 < Connection: keep-alive
1 < Keep-Alive: timeout=5
{"status":400,"content":{"message":"MongoError: E11000 duplicate key error collection: test.cars index: carId dup key: { carId: 1001 }"}}

09:28:31.488 [main]  ERROR com.intuit.karate - test/updateInStock.feature:20
Then status 200
status code was: 400, expected: 200, response time in milliseconds: 45, url: http://localhost:8080/api/cars/addNewCar, response: 
{"status":400,"content":{"message":"MongoError: E11000 duplicate key error collection: test.cars index: carId dup key: { carId: 1001 }"}}
test/updateInStock.feature:20
09:28:31.497 [main]  DEBUG com.intuit.karate - request:
1 > POST http://localhost:8080/api/cars/getCarDetails
1 > Content-Type: application/json; charset=UTF-8
1 > Content-Length: 14
1 > Host: localhost:8080
1 > Connection: Keep-Alive
1 > User-Agent: Apache-HttpClient/4.5.13 (Java/11.0.11)
1 > Accept-Encoding: gzip,deflate
{"carId":1001}

09:28:31.502 [main]  DEBUG com.intuit.karate - response time in milliseconds: 3
1 < 200
1 < X-Powered-By: Express
1 < Content-Type: application/json; charset=utf-8
1 < Content-Length: 183
1 < ETag: W/"b7-W/c/pCdWiNyaMsSW1zZhccCBTUk"
1 < Date: Fri, 11 Feb 2022 08:28:31 GMT
1 < Connection: keep-alive
1 < Keep-Alive: timeout=5
[{"_id":"62061b1bb90eec8350304898","dealerCity":"Izaiahfort","carModel":"AUDI A1","releaseDate":"2022-01-28T08:45:36.248Z","carId":1001,"transmissionType":"Automatic","inStock":true}]

09:28:31.523 [main]  ERROR com.intuit.karate - test/updateInStock.feature:28
And match each $ contains {"inStock" : false}
match failed: EACH_CONTAINS
  $ | match each failed at index 0 (LIST:MAP)
  [{"_id":"62061b1bb90eec8350304898","dealerCity":"Izaiahfort","carModel":"AUDI A1","releaseDate":"2022-01-28T08:45:36.248Z","carId":1001,"transmissionType":"Automatic","inStock":true}]
  {"inStock":false}

    $[0] | actual does not contain expected | all key-values did not match, expected has un-matched keys - [inStock] (MAP:MAP)
    {"_id":"62061b1bb90eec8350304898","dealerCity":"Izaiahfort","carModel":"AUDI A1","releaseDate":"2022-01-28T08:45:36.248Z","carId":1001,"transmissionType":"Automatic","inStock":true}
    {"inStock":false}

      $[0].inStock | not equal (BOOLEAN:BOOLEAN)
      true
      false

test/updateInStock.feature:28
09:28:31.530 [main]  DEBUG com.intuit.karate - request:
1 > POST http://localhost:8080/api/cars/updateInStock
1 > Content-Type: application/json; charset=UTF-8
1 > Content-Length: 29
1 > Host: localhost:8080
1 > Connection: Keep-Alive
1 > User-Agent: Apache-HttpClient/4.5.13 (Java/11.0.11)
1 > Accept-Encoding: gzip,deflate
{"carId":1001,"inStock":true}

09:28:31.536 [main]  DEBUG com.intuit.karate - response time in milliseconds: 5
1 < 200
1 < X-Powered-By: Express
1 < Content-Type: application/json; charset=utf-8
1 < Content-Length: 57
1 < ETag: W/"39-Q3ZDKpBIn8ELTEk51d4h046SNsg"
1 < Date: Fri, 11 Feb 2022 08:28:31 GMT
1 < Connection: keep-alive
1 < Keep-Alive: timeout=5
{"message":"DOCUMENT UPDATED AND INSERTED IN PARKINGLOT"}

09:28:31.545 [main]  DEBUG com.intuit.karate - request:
1 > POST http://localhost:8080/api/cars/getCarDetails
1 > Content-Type: application/json; charset=UTF-8
1 > Content-Length: 14
1 > Host: localhost:8080
1 > Connection: Keep-Alive
1 > User-Agent: Apache-HttpClient/4.5.13 (Java/11.0.11)
1 > Accept-Encoding: gzip,deflate
{"carId":1001}

09:28:31.548 [main]  DEBUG com.intuit.karate - response time in milliseconds: 3
1 < 200
1 < X-Powered-By: Express
1 < Content-Type: application/json; charset=utf-8
1 < Content-Length: 183
1 < ETag: W/"b7-W/c/pCdWiNyaMsSW1zZhccCBTUk"
1 < Date: Fri, 11 Feb 2022 08:28:31 GMT
1 < Connection: keep-alive
1 < Keep-Alive: timeout=5
[{"_id":"62061b1bb90eec8350304898","dealerCity":"Izaiahfort","carModel":"AUDI A1","releaseDate":"2022-01-28T08:45:36.248Z","carId":1001,"transmissionType":"Automatic","inStock":true}]

09:28:32.219 [main]  INFO  com.intuit.karate.Suite - <<fail>> feature 1 of 2 (0 remaining) test/updateInStock.feature
09:28:32.225 [main]  DEBUG com.intuit.karate - request:
1 > GET http://localhost:8080/api/cars/getAllCars
1 > Host: localhost:8080
1 > Connection: Keep-Alive
1 > User-Agent: Apache-HttpClient/4.5.13 (Java/11.0.11)
1 > Accept-Encoding: gzip,deflate


09:28:32.229 [main]  DEBUG com.intuit.karate - response time in milliseconds: 4
1 < 200
1 < X-Powered-By: Express
1 < Content-Type: application/json; charset=utf-8
1 < Content-Length: 434
1 < ETag: W/"1b2-3jvQ65iXG5FNIQ62QkujRSog4A0"
1 < Date: Fri, 11 Feb 2022 08:28:32 GMT
1 < Connection: keep-alive
1 < Keep-Alive: timeout=5
{"status":"success","message":"All cars retrieved successfully","data":[{"_id":"62061aefc07927833504ad5e","carModel":"Ls 430","releaseDate":"2011-08-04T02:57:33.000Z","carId":1000,"transmissionType":"Manual","inStock":true,"dealerCity":"Sawaynhaven"},{"_id":"62061b1bb90eec8350304898","dealerCity":"Izaiahfort","carModel":"AUDI A1","releaseDate":"2022-01-28T08:45:36.248Z","carId":1001,"transmissionType":"Automatic","inStock":true}]}

09:28:32.275 [main]  INFO  com.intuit.karate.Suite - <<pass>> feature 2 of 2 (0 remaining) test/get-cars.feature
09:28:32.275 [main]  DEBUG com.intuit.karate.Suite - waiting for 2 features to complete
09:28:53.964 [main]  INFO  com.intuit.karate - Karate version: 1.2.0.RC3
09:28:54.166 [main]  INFO  com.intuit.karate.Suite - backed up existing 'target/karate-reports' dir to: target/karate-reports_1644568134165
09:28:55.113 [main]  DEBUG com.intuit.karate - request:
1 > POST http://localhost:8080/api/cars/addNewCar
1 > Content-Type: application/json; charset=UTF-8
1 > Content-Length: 149
1 > Host: localhost:8080
1 > Connection: Keep-Alive
1 > User-Agent: Apache-HttpClient/4.5.13 (Java/11.0.11)
1 > Accept-Encoding: gzip,deflate
{"dealerCity":"Izaiahfort","carModel":"AUDI A1","releaseDate":"2022-01-28T08:45:36.248Z","carId":1001,"transmissionType":"Automatic","inStock":false}

09:28:55.160 [main]  DEBUG com.intuit.karate - response time in milliseconds: 45
1 < 400
1 < X-Powered-By: Express
1 < Content-Type: application/json; charset=utf-8
1 < Content-Length: 137
1 < ETag: W/"89-RKkJ4Y9biE+Hcougurmfk9LQ5PA"
1 < Date: Fri, 11 Feb 2022 08:28:55 GMT
1 < Connection: keep-alive
1 < Keep-Alive: timeout=5
{"status":400,"content":{"message":"MongoError: E11000 duplicate key error collection: test.cars index: carId dup key: { carId: 1001 }"}}

09:28:55.162 [main]  ERROR com.intuit.karate - test/updateInStock.feature:20
Then status 200
status code was: 400, expected: 200, response time in milliseconds: 45, url: http://localhost:8080/api/cars/addNewCar, response: 
{"status":400,"content":{"message":"MongoError: E11000 duplicate key error collection: test.cars index: carId dup key: { carId: 1001 }"}}
test/updateInStock.feature:20
09:28:55.175 [main]  DEBUG com.intuit.karate - request:
1 > POST http://localhost:8080/api/cars/getCarDetails
1 > Content-Type: application/json; charset=UTF-8
1 > Content-Length: 14
1 > Host: localhost:8080
1 > Connection: Keep-Alive
1 > User-Agent: Apache-HttpClient/4.5.13 (Java/11.0.11)
1 > Accept-Encoding: gzip,deflate
{"carId":1001}

09:28:55.179 [main]  DEBUG com.intuit.karate - response time in milliseconds: 4
1 < 200
1 < X-Powered-By: Express
1 < Content-Type: application/json; charset=utf-8
1 < Content-Length: 183
1 < ETag: W/"b7-W/c/pCdWiNyaMsSW1zZhccCBTUk"
1 < Date: Fri, 11 Feb 2022 08:28:55 GMT
1 < Connection: keep-alive
1 < Keep-Alive: timeout=5
[{"_id":"62061b1bb90eec8350304898","dealerCity":"Izaiahfort","carModel":"AUDI A1","releaseDate":"2022-01-28T08:45:36.248Z","carId":1001,"transmissionType":"Automatic","inStock":true}]

09:28:55.201 [main]  ERROR com.intuit.karate - test/updateInStock.feature:28
And match each $ contains {"inStock" : false}
match failed: EACH_CONTAINS
  $ | match each failed at index 0 (LIST:MAP)
  [{"_id":"62061b1bb90eec8350304898","dealerCity":"Izaiahfort","carModel":"AUDI A1","releaseDate":"2022-01-28T08:45:36.248Z","carId":1001,"transmissionType":"Automatic","inStock":true}]
  {"inStock":false}

    $[0] | actual does not contain expected | all key-values did not match, expected has un-matched keys - [inStock] (MAP:MAP)
    {"_id":"62061b1bb90eec8350304898","dealerCity":"Izaiahfort","carModel":"AUDI A1","releaseDate":"2022-01-28T08:45:36.248Z","carId":1001,"transmissionType":"Automatic","inStock":true}
    {"inStock":false}

      $[0].inStock | not equal (BOOLEAN:BOOLEAN)
      true
      false

test/updateInStock.feature:28
09:28:55.209 [main]  DEBUG com.intuit.karate - request:
1 > POST http://localhost:8080/api/cars/updateInStock
1 > Content-Type: application/json; charset=UTF-8
1 > Content-Length: 29
1 > Host: localhost:8080
1 > Connection: Keep-Alive
1 > User-Agent: Apache-HttpClient/4.5.13 (Java/11.0.11)
1 > Accept-Encoding: gzip,deflate
{"carId":1001,"inStock":true}

09:28:55.213 [main]  DEBUG com.intuit.karate - response time in milliseconds: 4
1 < 200
1 < X-Powered-By: Express
1 < Content-Type: application/json; charset=utf-8
1 < Content-Length: 57
1 < ETag: W/"39-Q3ZDKpBIn8ELTEk51d4h046SNsg"
1 < Date: Fri, 11 Feb 2022 08:28:55 GMT
1 < Connection: keep-alive
1 < Keep-Alive: timeout=5
{"message":"DOCUMENT UPDATED AND INSERTED IN PARKINGLOT"}

09:28:55.223 [main]  DEBUG com.intuit.karate - request:
1 > POST http://localhost:8080/api/cars/getCarDetails
1 > Content-Type: application/json; charset=UTF-8
1 > Content-Length: 14
1 > Host: localhost:8080
1 > Connection: Keep-Alive
1 > User-Agent: Apache-HttpClient/4.5.13 (Java/11.0.11)
1 > Accept-Encoding: gzip,deflate
{"carId":1001}

09:28:55.228 [main]  DEBUG com.intuit.karate - response time in milliseconds: 4
1 < 200
1 < X-Powered-By: Express
1 < Content-Type: application/json; charset=utf-8
1 < Content-Length: 183
1 < ETag: W/"b7-W/c/pCdWiNyaMsSW1zZhccCBTUk"
1 < Date: Fri, 11 Feb 2022 08:28:55 GMT
1 < Connection: keep-alive
1 < Keep-Alive: timeout=5
[{"_id":"62061b1bb90eec8350304898","dealerCity":"Izaiahfort","carModel":"AUDI A1","releaseDate":"2022-01-28T08:45:36.248Z","carId":1001,"transmissionType":"Automatic","inStock":true}]

09:28:55.881 [main]  INFO  com.intuit.karate.Suite - <<fail>> feature 1 of 2 (0 remaining) test/updateInStock.feature
09:28:55.888 [main]  DEBUG com.intuit.karate - request:
1 > GET http://localhost:8080/api/cars/getAllCars
1 > Host: localhost:8080
1 > Connection: Keep-Alive
1 > User-Agent: Apache-HttpClient/4.5.13 (Java/11.0.11)
1 > Accept-Encoding: gzip,deflate


09:28:55.892 [main]  DEBUG com.intuit.karate - response time in milliseconds: 4
1 < 200
1 < X-Powered-By: Express
1 < Content-Type: application/json; charset=utf-8
1 < Content-Length: 434
1 < ETag: W/"1b2-3jvQ65iXG5FNIQ62QkujRSog4A0"
1 < Date: Fri, 11 Feb 2022 08:28:55 GMT
1 < Connection: keep-alive
1 < Keep-Alive: timeout=5
{"status":"success","message":"All cars retrieved successfully","data":[{"_id":"62061aefc07927833504ad5e","carModel":"Ls 430","releaseDate":"2011-08-04T02:57:33.000Z","carId":1000,"transmissionType":"Manual","inStock":true,"dealerCity":"Sawaynhaven"},{"_id":"62061b1bb90eec8350304898","dealerCity":"Izaiahfort","carModel":"AUDI A1","releaseDate":"2022-01-28T08:45:36.248Z","carId":1001,"transmissionType":"Automatic","inStock":true}]}

09:28:55.938 [main]  INFO  com.intuit.karate.Suite - <<pass>> feature 2 of 2 (0 remaining) test/get-cars.feature
09:28:55.939 [main]  DEBUG com.intuit.karate.Suite - waiting for 2 features to complete
